Fetching registry information from https://github.com/microsoft/vcpkg (HEAD)...
Detecting compiler hash for triplet x64-windows...
Compiler found: C:/Program Files/Microsoft Visual Studio/18/Community/VC/Tools/MSVC/14.51.36231/bin/Hostx64/x64/cl.exe
The following packages will be built and installed:
    miniz:x64-windows@3.1.1 -- git+https://github.com/microsoft/vcpkg@44b2ff8aa21c4b2d578087c1b2337ca9c19a981d
  * vcpkg-cmake:x64-windows@2024-04-23 -- git+https://github.com/microsoft/vcpkg@e74aa1e8f93278a8e71372f1fa08c3df420eb840
  * vcpkg-cmake-config:x64-windows@2024-05-23 -- git+https://github.com/microsoft/vcpkg@97a63e4bc1a17422ffe4eff71da53b4b561a7841
Additional packages (*) will be modified to complete this operation.
Restored 3 package(s) from C:\Users\24274\AppData\Local\vcpkg\archives in 35.4 ms. Use --debug to see more details.
Installing 1/3 vcpkg-cmake-config:x64-windows@2024-05-23...
vcpkg-cmake-config:x64-windows@2024-05-23 package ABI: f4285609366ba97d634babef3748c00075bc479102f78a9f2fc2ced75df25cab
Elapsed time to handle vcpkg-cmake-config:x64-windows: 47.3 ms
Installing 2/3 vcpkg-cmake:x64-windows@2024-04-23...
vcpkg-cmake:x64-windows@2024-04-23 package ABI: 8ba34e2d3d879f68ddd701d766bcc9af3f8cf1dfacdf35ec678fa6437a2cf183
Elapsed time to handle vcpkg-cmake:x64-windows: 63 ms
Installing 3/3 miniz:x64-windows@3.1.1...
miniz:x64-windows@3.1.1 package ABI: 4c9e41863527b7868bf5dfb5f374520c9dcb3ac19c963724385c5aac29327a53
Elapsed time to handle miniz:x64-windows: 95.1 ms
Installed contents are licensed to you by owners. Microsoft is not responsible for, nor does it grant any licenses to, third-party packages.
Packages installed in this vcpkg installation declare the following licenses:
MIT
miniz provides CMake targets:

  # this is heuristically generated, and may not be correct
  find_package(miniz CONFIG REQUIRED)
  target_link_libraries(main PRIVATE miniz::miniz)

miniz provides pkg-config modules:

  # 
  miniz

All requested installations completed successfully in: 208 ms
